Unity Editor version:    2021.3.8f1 (b30333d56e81)
Branch:                  2021.3/staging
Build type:              Release
Batch mode:              YES
macOS version:           Version 12.5 (Build 21G72)
Darwin version:          21.6.0
Architecture:            x86_64
Running under Rosetta:   YES
Available memory:        16384 MB
Using pre-set license
Pro License: YES

COMMAND LINE ARGUMENTS:
/Applications/Unity/Hub/Editor/2021.3.8f1/Unity.app/Contents/MacOS/Unity
-adb2
-batchMode
-noUpm
-name
AssetImportWorker0
-projectPath
/Users/dh/gp/1203/I_Fight_Alone
-logFile
Logs/AssetImportWorker0.log
-srvPort
52626
Successfully changed project path to: /Users/dh/gp/1203/I_Fight_Alone
/Users/dh/gp/1203/I_Fight_Alone
[UnityMemory] Configuration Parameters - Can be set up in boot.config
    "memorysetup-bucket-allocator-granularity=16"
    "memorysetup-bucket-allocator-bucket-count=8"
    "memorysetup-bucket-allocator-block-size=33554432"
    "memorysetup-bucket-allocator-block-count=8"
    "memorysetup-main-allocator-block-size=16777216"
    "memorysetup-thread-allocator-block-size=16777216"
    "memorysetup-gfx-main-allocator-block-size=16777216"
    "memorysetup-gfx-thread-allocator-block-size=16777216"
    "memorysetup-cache-allocator-block-size=4194304"
    "memorysetup-typetree-allocator-block-size=2097152"
    "memorysetup-profiler-bucket-allocator-granularity=16"
    "memorysetup-profiler-bucket-allocator-bucket-count=8"
    "memorysetup-profiler-bucket-allocator-block-size=33554432"
    "memorysetup-profiler-bucket-allocator-block-count=8"
    "memorysetup-profiler-allocator-block-size=16777216"
    "memorysetup-profiler-editor-allocator-block-size=1048576"
    "memorysetup-temp-allocator-size-main=16777216"
    "memorysetup-job-temp-allocator-block-size=2097152"
    "memorysetup-job-temp-allocator-block-size-background=1048576"
    "memorysetup-job-temp-allocator-reduction-small-platforms=262144"
    "memorysetup-temp-allocator-size-background-worker=32768"
    "memorysetup-temp-allocator-size-job-worker=262144"
    "memorysetup-temp-allocator-size-preload-manager=33554432"
    "memorysetup-temp-allocator-size-nav-mesh-worker=65536"
    "memorysetup-temp-allocator-size-audio-worker=65536"
    "memorysetup-temp-allocator-size-cloud-worker=32768"
    "memorysetup-temp-allocator-size-gi-baking-worker=262144"
    "memorysetup-temp-allocator-size-gfx=262144"
Refreshing native plugins compatible for Editor in 107.70 ms, found 2 plugins.
Preloading 0 native plugins for Editor in 0.00 ms.
Initialize engine version: 2021.3.8f1 (b30333d56e81)
[Subsystems] Discovering subsystems at path /Applications/Unity/Hub/Editor/2021.3.8f1/Unity.app/Contents/Resources/UnitySubsystems
[Subsystems] Discovering subsystems at path /Users/dh/gp/1203/I_Fight_Alone/Assets
GfxDevice: creating device client; threaded=0; jobified=0
 preferred device: Apple M1 (high power)
Metal devices available: 1
0: Apple M1 (high power)
Using device Apple M1 (high power)
Initializing Metal device caps: Apple M1
Initialize mono
Mono path[0] = '/Applications/Unity/Hub/Editor/2021.3.8f1/Unity.app/Contents/Managed'
Mono path[1] = '/Applications/Unity/Hub/Editor/2021.3.8f1/Unity.app/Contents/MonoBleedingEdge/lib/mono/unityjit-macos'
Mono config path = '/Applications/Unity/Hub/Editor/2021.3.8f1/Unity.app/Contents/MonoBleedingEdge/etc'
Using monoOptions --debugger-agent=transport=dt_socket,embedding=1,server=y,suspend=n,address=127.0.0.1:56524
Begin MonoManager ReloadAssembly
Registering precompiled unity dll's ...
Register platform support module: /Applications/Unity/Hub/Editor/2021.3.8f1/Unity.app/Contents/PlaybackEngines/MacStandaloneSupport/UnityEditor.OSXStandalone.Extensions.dll
Register platform support module: /Applications/Unity/Hub/Editor/2021.3.8f1/PlaybackEngines/AndroidPlayer/UnityEditor.Android.Extensions.dll
Register platform support module: /Applications/Unity/Hub/Editor/2021.3.8f1/PlaybackEngines/iOSSupport/UnityEditor.iOS.Extensions.dll
Register platform support module: /Applications/Unity/Hub/Editor/2021.3.8f1/PlaybackEngines/WindowsStandaloneSupport/UnityEditor.WindowsStandalone.Extensions.dll
Registered in 0.002230 seconds.
Native extension for WindowsStandalone target not found
[usbmuxd] Start listen thread
[usbmuxd] Listen thread started
[usbmuxd] Send listen message
Native extension for iOS target not found
Native extension for Android target not found
Native extension for OSXStandalone target not found
Refreshing native plugins compatible for Editor in 108.90 ms, found 2 plugins.
Preloading 0 native plugins for Editor in 0.00 ms.
Mono: successfully reloaded assembly
- Completed reload, in  1.523 seconds
Domain Reload Profiling:
	ReloadAssembly (1524ms)
		BeginReloadAssembly (164ms)
			ExecutionOrderSort (0ms)
			DisableScriptedObjects (0ms)
			BackupInstance (0ms)
			ReleaseScriptingObjects (0ms)
			CreateAndSetChildDomain (2ms)
		EndReloadAssembly (1128ms)
			LoadAssemblies (163ms)
			RebuildTransferFunctionScriptingTraits (0ms)
			SetupTypeCache (147ms)
			ReleaseScriptCaches (0ms)
			RebuildScriptCaches (36ms)
			SetupLoadedEditorAssemblies (804ms)
				LogAssemblyErrors (0ms)
				InitializePlatformSupportModulesInManaged (226ms)
				SetLoadedEditorAssemblies (1ms)
				RefreshPlugins (109ms)
				BeforeProcessingInitializeOnLoad (3ms)
				ProcessInitializeOnLoadAttributes (300ms)
				ProcessInitializeOnLoadMethodAttributes (165ms)
				AfterProcessingInitializeOnLoad (0ms)
				EditorAssembliesLoaded (0ms)
			ExecutionOrderSort2 (0ms)
			AwakeInstancesAfterBackupRestoration (0ms)
Platform modules already initialized, skipping
Registering precompiled user dll's ...
Registered in 0.001896 seconds.
Begin MonoManager ReloadAssembly
Symbol file LoadedFromMemory doesn't match image /Users/dh/gp/1203/I_Fight_Alone/Library/PackageCache/com.unity.visualscripting@1.7.8/Editor/VisualScripting.Core/Dependencies/YamlDotNet/Unity.VisualScripting.YamlDotNet.dll
Symbol file LoadedFromMemory doesn't match image /Users/dh/gp/1203/I_Fight_Alone/Library/PackageCache/com.unity.visualscripting@1.7.8/Editor/VisualScripting.Core/Dependencies/DotNetZip/Unity.VisualScripting.IonicZip.dll
Native extension for WindowsStandalone target not found
Native extension for iOS target not found
Native extension for Android target not found
Native extension for OSXStandalone target not found
Refreshing native plugins compatible for Editor in 0.68 ms, found 2 plugins.
Preloading 0 native plugins for Editor in 0.00 ms.
Mono: successfully reloaded assembly
- Completed reload, in  2.563 seconds
Domain Reload Profiling:
	ReloadAssembly (2565ms)
		BeginReloadAssembly (353ms)
			ExecutionOrderSort (0ms)
			DisableScriptedObjects (41ms)
			BackupInstance (0ms)
			ReleaseScriptingObjects (0ms)
			CreateAndSetChildDomain (140ms)
		EndReloadAssembly (1922ms)
			LoadAssemblies (141ms)
			RebuildTransferFunctionScriptingTraits (1ms)
			SetupTypeCache (363ms)
			ReleaseScriptCaches (3ms)
			RebuildScriptCaches (64ms)
			SetupLoadedEditorAssemblies (1197ms)
				LogAssemblyErrors (0ms)
				InitializePlatformSupportModulesInManaged (77ms)
				SetLoadedEditorAssemblies (1ms)
				RefreshPlugins (1ms)
				BeforeProcessingInitializeOnLoad (134ms)
				ProcessInitializeOnLoadAttributes (871ms)
				ProcessInitializeOnLoadMethodAttributes (111ms)
				AfterProcessingInitializeOnLoad (1ms)
				EditorAssembliesLoaded (0ms)
			ExecutionOrderSort2 (0ms)
			AwakeInstancesAfterBackupRestoration (10ms)
Platform modules already initialized, skipping
========================================================================
Worker process is ready to serve import requests
Launching external process: /Applications/Unity/Hub/Editor/2021.3.8f1/Unity.app/Contents/Tools/UnityShaderCompiler
Launched and connected shader compiler UnityShaderCompiler after 0.09 seconds
Refreshing native plugins compatible for Editor in 0.58 ms, found 2 plugins.
Preloading 0 native plugins for Editor in 0.00 ms.
Unloading 3438 Unused Serialized files (Serialized files now loaded: 0)
Unloading 27 unused Assets / (94.8 KB). Loaded Objects now: 3917.
Memory consumption went from 248.8 MB to 248.8 MB.
Total: 3.549041 ms (FindLiveObjects: 0.228500 ms CreateObjectMapping: 0.085250 ms MarkObjects: 3.028833 ms  DeleteObjects: 0.204834 ms)

AssetImportParameters requested are different than current active one (requested -> active):
  custom:video-decoder-ogg-theora: a1e56fd34408186e4bbccfd4996cb3dc -> 
  custom:container-muxer-webm: aa71ff27fc2769a1b78a27578f13a17b -> 
  custom:container-demuxer-webm: 4f35f7cbe854078d1ac9338744f61a02 -> 
  custom:video-encoder-webm-vp8: eb34c28f22e8b96e1ab97ce403110664 -> 
  custom:framework-osx-AVFoundation: e770b220cccbd017edd2c1fefb359320 -> 
  custom:audio-encoder-webm-vorbis: bf7c407c2cedff20999df2af8eb42d56 -> 
  custom:container-demuxer-ogg: 62fdf1f143b41e24485cea50d1cbac27 -> 
  custom:video-decoder-webm-vp8: 9c59270c3fd7afecdb556c50c9e8de78 -> 
  custom:audio-decoder-ogg-vorbis: bf7c407c2cedff20999df2af8eb42d56 -> 
========================================================================
Received Import Request.
  Time since last request: 1911315.400214 seconds.
  path: Assets/Assets/QuarterView 3D Action BE5/Sprites/Icon Hammer.png
  artifactKey: Guid(e5a062498cc654f079ab6f29a24094f9) Importer(815301076,1909f56bfc062723c751e8b465ee728b)
Start importing Assets/Assets/QuarterView 3D Action BE5/Sprites/Icon Hammer.png using Guid(e5a062498cc654f079ab6f29a24094f9) Importer(815301076,1909f56bfc062723c751e8b465ee728b)  -> (artifact id: 'c02a3c8d58eaef98e7ffa201e5b5476f') in 0.214494 seconds 
========================================================================
Received Import Request.
  Time since last request: 4.100257 seconds.
  path: Assets/Assets/QuarterView 3D Action BE5/Sprites/Icon Sword.png
  artifactKey: Guid(0447431bae0754c758fa484f6af0cf39) Importer(815301076,1909f56bfc062723c751e8b465ee728b)
Start importing Assets/Assets/QuarterView 3D Action BE5/Sprites/Icon Sword.png using Guid(0447431bae0754c758fa484f6af0cf39) Importer(815301076,1909f56bfc062723c751e8b465ee728b)  -> (artifact id: 'd47d010fada968fb3189f7785a0345a8') in 0.027881 seconds 
========================================================================
Received Import Request.
  Time since last request: 1.995724 seconds.
  path: Assets/Assets/QuarterView 3D Action BE5/Sprites/Icon Axe.png
  artifactKey: Guid(a316c7712abd24aa0955d5144d78a51c) Importer(815301076,1909f56bfc062723c751e8b465ee728b)
Start importing Assets/Assets/QuarterView 3D Action BE5/Sprites/Icon Axe.png using Guid(a316c7712abd24aa0955d5144d78a51c) Importer(815301076,1909f56bfc062723c751e8b465ee728b)  -> (artifact id: '438ea88f10e4741e465ed324f2b40323') in 0.007602 seconds 
========================================================================
Received Import Request.
  Time since last request: 47.864675 seconds.
  path: Assets/Assets/QuarterView 3D Action BE5/Sprites/Icon Staff.png
  artifactKey: Guid(2da9b4bab691640dda8bd7e20e68f325) Importer(815301076,1909f56bfc062723c751e8b465ee728b)
Start importing Assets/Assets/QuarterView 3D Action BE5/Sprites/Icon Staff.png using Guid(2da9b4bab691640dda8bd7e20e68f325) Importer(815301076,1909f56bfc062723c751e8b465ee728b)  -> (artifact id: 'bc0942d9da890ae1be4de5ac796f1d3a') in 0.023378 seconds 
========================================================================
Received Import Request.
  Time since last request: 26.347454 seconds.
  path: Assets/Assets/QuarterView 3D Action BE5/Sprites/Icon Axe.png
  artifactKey: Guid(a316c7712abd24aa0955d5144d78a51c) Importer(815301076,1909f56bfc062723c751e8b465ee728b)
Start importing Assets/Assets/QuarterView 3D Action BE5/Sprites/Icon Axe.png using Guid(a316c7712abd24aa0955d5144d78a51c) Importer(815301076,1909f56bfc062723c751e8b465ee728b)  -> (artifact id: 'f3f2d51f8a66e04e9eefd32412ab77cc') in 0.086314 seconds 
========================================================================
Received Import Request.
  Time since last request: 20.337448 seconds.
  path: Assets/Assets/QuarterView 3D Action BE5/Sprites/Icon Hammer.png
  artifactKey: Guid(e5a062498cc654f079ab6f29a24094f9) Importer(815301076,1909f56bfc062723c751e8b465ee728b)
Start importing Assets/Assets/QuarterView 3D Action BE5/Sprites/Icon Hammer.png using Guid(e5a062498cc654f079ab6f29a24094f9) Importer(815301076,1909f56bfc062723c751e8b465ee728b)  -> (artifact id: 'b2b24dd165e4c423cd3c97407618e439') in 0.030586 seconds 
========================================================================
Received Import Request.
  Time since last request: 15.332997 seconds.
  path: Assets/Assets/QuarterView 3D Action BE5/Sprites/Icon Handgun2.png
  artifactKey: Guid(7d687d6d41b3947048eb216de0132929) Importer(815301076,1909f56bfc062723c751e8b465ee728b)
Start importing Assets/Assets/QuarterView 3D Action BE5/Sprites/Icon Handgun2.png using Guid(7d687d6d41b3947048eb216de0132929) Importer(815301076,1909f56bfc062723c751e8b465ee728b)  -> (artifact id: '34e0d83f8b1148e552af498542335dc7') in 0.019042 seconds 
========================================================================
Received Import Request.
  Time since last request: 13.339158 seconds.
  path: Assets/Assets/QuarterView 3D Action BE5/Sprites/Icon Staff.png
  artifactKey: Guid(2da9b4bab691640dda8bd7e20e68f325) Importer(815301076,1909f56bfc062723c751e8b465ee728b)
Start importing Assets/Assets/QuarterView 3D Action BE5/Sprites/Icon Staff.png using Guid(2da9b4bab691640dda8bd7e20e68f325) Importer(815301076,1909f56bfc062723c751e8b465ee728b)  -> (artifact id: 'a1f95b725ca21acacc975eab56b6ff90') in 0.011032 seconds 
========================================================================
Received Import Request.
  Time since last request: 13.364375 seconds.
  path: Assets/Assets/QuarterView 3D Action BE5/Sprites/Icon Sword.png
  artifactKey: Guid(0447431bae0754c758fa484f6af0cf39) Importer(815301076,1909f56bfc062723c751e8b465ee728b)
Start importing Assets/Assets/QuarterView 3D Action BE5/Sprites/Icon Sword.png using Guid(0447431bae0754c758fa484f6af0cf39) Importer(815301076,1909f56bfc062723c751e8b465ee728b)  -> (artifact id: '602bd1759750e00a6f90d10481fd59f5') in 0.010143 seconds 
========================================================================
Received Import Request.
  Time since last request: 12.564859 seconds.
  path: Assets/Scenes/CharacterSelectScene.unity
  artifactKey: Guid(0b43450ec607b4fe5b3aaad348e72746) Importer(815301076,1909f56bfc062723c751e8b465ee728b)
Start importing Assets/Scenes/CharacterSelectScene.unity using Guid(0b43450ec607b4fe5b3aaad348e72746) Importer(815301076,1909f56bfc062723c751e8b465ee728b)  -> (artifact id: 'ff6b6faa5a455f52f468ed61b6b9a64e') in 0.001261 seconds 
========================================================================
Received Import Request.
  Time since last request: 3.227092 seconds.
  path: Assets/Scenes/WeaponSelect.unity
  artifactKey: Guid(68d68e11934fb4e4d8b2592209f1462c) Importer(815301076,1909f56bfc062723c751e8b465ee728b)
Start importing Assets/Scenes/WeaponSelect.unity using Guid(68d68e11934fb4e4d8b2592209f1462c) Importer(815301076,1909f56bfc062723c751e8b465ee728b)  -> (artifact id: 'a9449b448f0a90ea69fb78c2031cb439') in 0.001455 seconds 
========================================================================
Received Import Request.
  Time since last request: 461.475109 seconds.
  path: Assets/Assets/QuarterView 3D Action BE5/Sprites/Icon Axe.png
  artifactKey: Guid(a316c7712abd24aa0955d5144d78a51c) Importer(815301076,1909f56bfc062723c751e8b465ee728b)
Start importing Assets/Assets/QuarterView 3D Action BE5/Sprites/Icon Axe.png using Guid(a316c7712abd24aa0955d5144d78a51c) Importer(815301076,1909f56bfc062723c751e8b465ee728b)  -> (artifact id: 'c8f61304d805ff52615d867e0d38a4c3') in 0.031018 seconds 
========================================================================
Received Import Request.
  Time since last request: 12.423897 seconds.
  path: Assets/Assets/QuarterView 3D Action BE5/Sprites/Icon Axe.png
  artifactKey: Guid(a316c7712abd24aa0955d5144d78a51c) Importer(815301076,1909f56bfc062723c751e8b465ee728b)
Start importing Assets/Assets/QuarterView 3D Action BE5/Sprites/Icon Axe.png using Guid(a316c7712abd24aa0955d5144d78a51c) Importer(815301076,1909f56bfc062723c751e8b465ee728b)  -> (artifact id: '8e870d2c0115867ad405b0768b0a58c6') in 0.012483 seconds 
========================================================================
Received Prepare
Registering precompiled user dll's ...
Registered in 0.001764 seconds.
Begin MonoManager ReloadAssembly
Symbol file LoadedFromMemory doesn't match image /Users/dh/gp/1203/I_Fight_Alone/Library/PackageCache/com.unity.visualscripting@1.7.8/Editor/VisualScripting.Core/Dependencies/YamlDotNet/Unity.VisualScripting.YamlDotNet.dll
Symbol file LoadedFromMemory doesn't match image /Users/dh/gp/1203/I_Fight_Alone/Library/PackageCache/com.unity.visualscripting@1.7.8/Editor/VisualScripting.Core/Dependencies/DotNetZip/Unity.VisualScripting.IonicZip.dll
Native extension for WindowsStandalone target not found
Native extension for iOS target not found
Native extension for Android target not found
Native extension for OSXStandalone target not found
Refreshing native plugins compatible for Editor in 0.65 ms, found 2 plugins.
Preloading 0 native plugins for Editor in 0.00 ms.
Mono: successfully reloaded assembly
- Completed reload, in  2.562 seconds
Domain Reload Profiling:
	ReloadAssembly (2563ms)
		BeginReloadAssembly (336ms)
			ExecutionOrderSort (0ms)
			DisableScriptedObjects (39ms)
			BackupInstance (0ms)
			ReleaseScriptingObjects (0ms)
			CreateAndSetChildDomain (101ms)
		EndReloadAssembly (1985ms)
			LoadAssemblies (142ms)
			RebuildTransferFunctionScriptingTraits (0ms)
			SetupTypeCache (361ms)
			ReleaseScriptCaches (1ms)
			RebuildScriptCaches (51ms)
			SetupLoadedEditorAssemblies (1266ms)
				LogAssemblyErrors (0ms)
				InitializePlatformSupportModulesInManaged (107ms)
				SetLoadedEditorAssemblies (2ms)
				RefreshPlugins (1ms)
				BeforeProcessingInitializeOnLoad (121ms)
				ProcessInitializeOnLoadAttributes (915ms)
				ProcessInitializeOnLoadMethodAttributes (119ms)
				AfterProcessingInitializeOnLoad (1ms)
				EditorAssembliesLoaded (0ms)
			ExecutionOrderSort2 (0ms)
			AwakeInstancesAfterBackupRestoration (13ms)
Platform modules already initialized, skipping
Refreshing native plugins compatible for Editor in 1.79 ms, found 2 plugins.
Preloading 0 native plugins for Editor in 0.00 ms.
Unloading 3433 Unused Serialized files (Serialized files now loaded: 0)
Unloading 20 unused Assets / (71.4 KB). Loaded Objects now: 3927.
Memory consumption went from 257.9 MB to 257.8 MB.
Total: 3.189291 ms (FindLiveObjects: 0.238458 ms CreateObjectMapping: 0.081458 ms MarkObjects: 2.774792 ms  DeleteObjects: 0.093541 ms)

AssetImportParameters requested are different than current active one (requested -> active):
  custom:video-decoder-ogg-theora: a1e56fd34408186e4bbccfd4996cb3dc -> 
  custom:container-muxer-webm: aa71ff27fc2769a1b78a27578f13a17b -> 
  custom:container-demuxer-webm: 4f35f7cbe854078d1ac9338744f61a02 -> 
  custom:video-encoder-webm-vp8: eb34c28f22e8b96e1ab97ce403110664 -> 
  custom:framework-osx-AVFoundation: e770b220cccbd017edd2c1fefb359320 -> 
  custom:audio-encoder-webm-vorbis: bf7c407c2cedff20999df2af8eb42d56 -> 
  custom:container-demuxer-ogg: 62fdf1f143b41e24485cea50d1cbac27 -> 
  custom:video-decoder-webm-vp8: 9c59270c3fd7afecdb556c50c9e8de78 -> 
  custom:audio-decoder-ogg-vorbis: bf7c407c2cedff20999df2af8eb42d56 -> 
